<?xml version="1.0" encoding="UTF-8"?>
<!-- Generated by org.testng.reporters.JUnitXMLReporter -->
<testsuite ignored="0" hostname="DESKTOP-LH8QS6H" failures="1" tests="5" name="submitOrder" time="54.825" errors="0" timestamp="2023-09-28T00:04:44 EEST">
  <testcase classname="EcommeraceFrameworks.Tests.SubmitOrderTest" name="sumbitOrder" time="6.75"/>
  <testcase classname="EcommeraceFrameworks.Tests.SubmitOrderTest" name="sumbitOrder" time="6.618"/>
  <testcase classname="EcommeraceFrameworks.Tests.SubmitOrderTest" name="orderhistoryTest" time="1.541"/>
  <testcase classname="EcommeraceFrameworks.Tests.SubmitOrderTest" name="orderhistoryTest" time="1.899">
    <skipped/>
  </testcase> <!-- orderhistoryTest -->
  <testcase classname="EcommeraceFrameworks.Tests.SubmitOrderTest" name="orderhistoryTest" time="2.206">
    <failure type="java.lang.AssertionError" message="expected [true] but found [false]">
      <![CDATA[java.lang.AssertionError: expected [true] but found [false]
at EcommeraceFrameworks.Tests.SubmitOrderTest.orderhistoryTest(SubmitOrderTest.java:53)
at java.base/java.util.ArrayList.forEach(ArrayList.java:1511)
... Removed 31 stack frames]]>
    </failure>
  </testcase> <!-- orderhistoryTest -->
</testsuite> <!-- submitOrder -->
